<?xml version="1.0" encoding="UTF-8"?>
<!-- Generated by org.testng.reporters.JUnitReportReporter -->
<testsuite hostname="DESKTOP-P8351SK" failures="0" tests="1" name="com.Wipro.Locators.DemoID" time="12.240" errors="0" timestamp="2023-05-18T10:53:39 IST" skipped="0">
  <testcase classname="com.Wipro.Locators.DemoID" name="TestNameDemo" time="12.240"/>
  <system-out/>
</testsuite> <!-- com.Wipro.Locators.DemoID -->
