<?xml version="1.0" encoding="UTF-8"?>
<!-- Generated by org.testng.reporters.JUnitReportReporter -->
<testsuite hostname="DESKTOP-P8351SK" failures="0" tests="1" name="com.Wipro.Locators.LocatorsAssignment" time="4.795" errors="0" timestamp="2023-05-18T12:14:21 IST" skipped="0">
  <testcase classname="com.Wipro.Locators.LocatorsAssignment" name="testLocators" time="4.795"/>
  <system-out/>
</testsuite> <!-- com.Wipro.Locators.LocatorsAssignment -->
